<?xml version="1.0" encoding="UTF-8"?>
<!-- Generated by org.testng.reporters.JUnitXMLReporter -->
<testsuite ignored="0" hostname="DESKTOP-T4HB8UR" failures="1" tests="1" name="Test(failed)" time="21.753" errors="0" timestamp="2025-04-12T17:40:35 IST">
  <testcase classname="testCases.TC002_LoginTest" name="verify_login" time="11.864">
    <failure type="java.lang.AssertionError" message="loginfailed expected [true] but found [false]">
      <![CDATA[java.lang.AssertionError: loginfailed expected [true] but found [false]
at testCases.TC002_LoginTest.verify_login(TC002_LoginTest.java:30)
at java.base/java.util.ArrayList.forEach(ArrayList.java:1510)
... Removed 32 stack frames]]>
    </failure>
  </testcase> <!-- verify_login -->
</testsuite> <!-- Test(failed) -->
