<?xml version="1.0" encoding="UTF-8"?>
<testng-results ignored="0" total="2" passed="2" failed="0" skipped="0">
  <reporter-output>
  </reporter-output>
  <suite started-at="2025-04-14T19:20:50 IST" name="Master Suite" finished-at="2025-04-14T19:21:08 IST" duration-ms="17606">
    <groups>
      <group name="Master">
        <method signature="TC001_AccountRegistationTest.verify_Account_Registration()[pri:0, instance:testCases.TC001_AccountRegistationTest@16ec5519]" name="verify_Account_Registration" class="testCases.TC001_AccountRegistationTest"/>
        <method signature="TC002_LoginTest.verify_login()[pri:0, instance:testCases.TC002_LoginTest@3835c46]" name="verify_login" class="testCases.TC002_LoginTest"/>
      </group> <!-- Master -->
      <group name="Sanity">
        <method signature="TC002_LoginTest.verify_login()[pri:0, instance:testCases.TC002_LoginTest@3835c46]" name="verify_login" class="testCases.TC002_LoginTest"/>
      </group> <!-- Sanity -->
      <group name="Regression">
        <method signature="TC001_AccountRegistationTest.verify_Account_Registration()[pri:0, instance:testCases.TC001_AccountRegistationTest@16ec5519]" name="verify_Account_Registration" class="testCases.TC001_AccountRegistationTest"/>
      </group> <!-- Regression -->
    </groups>
    <test started-at="2025-04-14T19:20:50 IST" name="Test" finished-at="2025-04-14T19:21:08 IST" duration-ms="17606">
      <class name="testCases.TC002_LoginTest">
        <test-method is-config="true" signature="setup(java.lang.String,java.lang.String)[pri:0, instance:testCases.TC002_LoginTest@3835c46]" started-at="2025-04-14T19:21:01 IST" name="setup" finished-at="2025-04-14T19:21:05 IST" duration-ms="3507" status="PASS">
          <params>
            <param index="0">
              <value>
                <![CDATA[windows]]>
              </value>
            </param>
            <param index="1">
              <value>
                <![CDATA[edge]]>
              </value>
            </param>
          </params>
          <reporter-output>
          </reporter-output>
        </test-method> <!-- setup -->
        <test-method signature="verify_login()[pri:0, instance:testCases.TC002_LoginTest@3835c46]" started-at="2025-04-14T19:21:05 IST" name="verify_login" finished-at="2025-04-14T19:21:06 IST" duration-ms="1490" status="PASS">
          <reporter-output>
          </reporter-output>
        </test-method> <!-- verify_login -->
        <test-method is-config="true" signature="tearDown()[pri:0, instance:testCases.TC002_LoginTest@3835c46]" started-at="2025-04-14T19:21:06 IST" name="tearDown" finished-at="2025-04-14T19:21:08 IST" duration-ms="1292" status="PASS">
          <reporter-output>
          </reporter-output>
        </test-method> <!-- tearDown -->
      </class> <!-- testCases.TC002_LoginTest -->
      <class name="testCases.TC001_AccountRegistationTest">
        <test-method is-config="true" signature="setup(java.lang.String,java.lang.String)[pri:0, instance:testCases.TC001_AccountRegistationTest@16ec5519]" started-at="2025-04-14T19:20:50 IST" name="setup" finished-at="2025-04-14T19:20:57 IST" duration-ms="7106" status="PASS">
          <params>
            <param index="0">
              <value>
                <![CDATA[windows]]>
              </value>
            </param>
            <param index="1">
              <value>
                <![CDATA[edge]]>
              </value>
            </param>
          </params>
          <reporter-output>
          </reporter-output>
        </test-method> <!-- setup -->
        <test-method signature="verify_Account_Registration()[pri:0, instance:testCases.TC001_AccountRegistationTest@16ec5519]" started-at="2025-04-14T19:20:57 IST" name="verify_Account_Registration" finished-at="2025-04-14T19:21:00 IST" duration-ms="2697" status="PASS">
          <reporter-output>
          </reporter-output>
        </test-method> <!-- verify_Account_Registration -->
        <test-method is-config="true" signature="tearDown()[pri:0, instance:testCases.TC001_AccountRegistationTest@16ec5519]" started-at="2025-04-14T19:21:00 IST" name="tearDown" finished-at="2025-04-14T19:21:01 IST" duration-ms="1292" status="PASS">
          <reporter-output>
          </reporter-output>
        </test-method> <!-- tearDown -->
      </class> <!-- testCases.TC001_AccountRegistationTest -->
    </test> <!-- Test -->
  </suite> <!-- Master Suite -->
</testng-results>
